Performing C SOURCE FILE Test CMAKE_HAVE_LIBC_PTHREAD failed with the following output:
Change Dir: /home/selena/catkin_ws/src/LeGO-LOAM-Patchwork/build/CMakeFiles/CMakeScratch/TryCompile-xcKmyU

Run Build Command(s):/usr/bin/make -f Makefile cmTC_9ee21/fast && /usr/bin/make  -f CMakeFiles/cmTC_9ee21.dir/build.make CMakeFiles/cmTC_9ee21.dir/build
make[1]: Entering directory '/home/selena/catkin_ws/src/LeGO-LOAM-Patchwork/build/CMakeFiles/CMakeScratch/TryCompile-xcKmyU'
Building C object CMakeFiles/cmTC_9ee21.dir/src.c.o
/usr/bin/gcc -DCMAKE_HAVE_LIBC_PTHREAD   -o CMakeFiles/cmTC_9ee21.dir/src.c.o -c /home/selena/catkin_ws/src/LeGO-LOAM-Patchwork/build/CMakeFiles/CMakeScratch/TryCompile-xcKmyU/src.c
Linking C executable cmTC_9ee21
/opt/cmake/bin/cmake -E cmake_link_script CMakeFiles/cmTC_9ee21.dir/link.txt --verbose=1
/usr/bin/gcc -rdynamic CMakeFiles/cmTC_9ee21.dir/src.c.o -o cmTC_9ee21 
CMakeFiles/cmTC_9ee21.dir/src.c.o: In function `main':
src.c:(.text+0x3e): undefined reference to `pthread_create'
src.c:(.text+0x4a): undefined reference to `pthread_detach'
src.c:(.text+0x56): undefined reference to `pthread_cancel'
src.c:(.text+0x67): undefined reference to `pthread_join'
src.c:(.text+0x7b): undefined reference to `pthread_atfork'
collect2: error: ld returned 1 exit status
CMakeFiles/cmTC_9ee21.dir/build.make:98: recipe for target 'cmTC_9ee21' failed
make[1]: *** [cmTC_9ee21] Error 1
make[1]: Leaving directory '/home/selena/catkin_ws/src/LeGO-LOAM-Patchwork/build/CMakeFiles/CMakeScratch/TryCompile-xcKmyU'
Makefile:127: recipe for target 'cmTC_9ee21/fast' failed
make: *** [cmTC_9ee21/fast] Error 2


Source file was:
#include <pthread.h>

static void* test_func(void* data)
{
  return data;
}

int main(void)
{
  pthread_t thread;
  pthread_create(&thread, NULL, test_func, NULL);
  pthread_detach(thread);
  pthread_cancel(thread);
  pthread_join(thread, NULL);
  pthread_atfork(NULL, NULL, NULL);
  pthread_exit(NULL);

  return 0;
}


Determining if the function pthread_create exists in the pthreads failed with the following output:
Change Dir: /home/selena/catkin_ws/src/LeGO-LOAM-Patchwork/build/CMakeFiles/CMakeScratch/TryCompile-gQt5qa

Run Build Command(s):/usr/bin/make -f Makefile cmTC_c8b6b/fast && /usr/bin/make  -f CMakeFiles/cmTC_c8b6b.dir/build.make CMakeFiles/cmTC_c8b6b.dir/build
make[1]: Entering directory '/home/selena/catkin_ws/src/LeGO-LOAM-Patchwork/build/CMakeFiles/CMakeScratch/TryCompile-gQt5qa'
Building C object CMakeFiles/cmTC_c8b6b.dir/CheckFunctionExists.c.o
/usr/bin/gcc   -DCHECK_FUNCTION_EXISTS=pthread_create -o CMakeFiles/cmTC_c8b6b.dir/CheckFunctionExists.c.o -c /home/selena/catkin_ws/src/LeGO-LOAM-Patchwork/build/CMakeFiles/CMakeScratch/TryCompile-gQt5qa/CheckFunctionExists.c
Linking C executable cmTC_c8b6b
/opt/cmake/bin/cmake -E cmake_link_script CMakeFiles/cmTC_c8b6b.dir/link.txt --verbose=1
/usr/bin/gcc  -DCHECK_FUNCTION_EXISTS=pthread_create -rdynamic CMakeFiles/cmTC_c8b6b.dir/CheckFunctionExists.c.o -o cmTC_c8b6b  -lpthreads 
/usr/bin/ld: cannot find -lpthreads
collect2: error: ld returned 1 exit status
CMakeFiles/cmTC_c8b6b.dir/build.make:98: recipe for target 'cmTC_c8b6b' failed
make[1]: *** [cmTC_c8b6b] Error 1
make[1]: Leaving directory '/home/selena/catkin_ws/src/LeGO-LOAM-Patchwork/build/CMakeFiles/CMakeScratch/TryCompile-gQt5qa'
Makefile:127: recipe for target 'cmTC_c8b6b/fast' failed
make: *** [cmTC_c8b6b/fast] Error 2



